src/examples/kg-visualization-example.ts(13,19): error TS6133: 'sequence' is declared but its value is never read.
src/examples/kg-visualization-example.ts(15,1): error TS6133: 'highlightCode' is declared but its value is never read.
src/examples/kg-visualization-example.ts(16,1): error TS6192: All imports in import declaration are unused.
src/examples/kg-visualization-example.ts(377,37): error TS6133: 'x' is declared but its value is never read.
src/examples/kg-visualization-example.ts(377,48): error TS6133: 'y' is declared but its value is never read.
src/examples/kg-visualization-example.ts(500,15): error TS6133: 'nodeElement' is declared but its value is never read.
src/examples/kg-visualization-example.ts(677,73): error TS2345: Argument of type 'string | undefined' is not assignable to parameter of type 'string'.
  Type 'undefined' is not assignable to type 'string'.
src/examples/kg-visualization-example.ts(691,46): error TS2538: Type 'undefined' cannot be used as an index type.
src/examples/kg-visualization-example.ts(1038,41): error TS6133: 'id' is declared but its value is never read.
src/examples/markdown-integratin-example.ts(10,10): error TS6133: 'Timer' is declared but its value is never read.
src/examples/markdown-integratin-example.ts(24,11): error TS6133: 'currentDirectives' is declared but its value is never read.
src/examples/markdown-integratin-example.ts(219,13): error TS6133: 'timerInterval' is declared but its value is never read.
src/examples/markdown-integratin-example.ts(337,14): error TS6133: 'fullMatch' is declared but its value is never read.
src/examples/markdown-integratin-example.ts(337,42): error TS6133: 'propsMatch' is declared but its value is never read.
src/examples/markdown-integratin-example.ts(369,14): error TS6133: 'fullMatch' is declared but its value is never read.
src/examples/markdown-integratin-example.ts(369,33): error TS6133: 'relVar' is declared but its value is never read.
src/examples/markdown-integratin-example.ts(369,50): error TS6133: 'propsMatch' is declared but its value is never read.
src/examples/markdown-integratin-example.ts(546,43): error TS6133: 'node' is declared but its value is never read.
src/index.ts(15,10): error TS6133: 'ExportService' is declared but its value is never read.
src/index.ts(46,3): error TS6133: 'container' is declared but its value is never read.
src/modules/architecture/config.ts(21,30): error TS6133: 'data' is declared but its value is never read.
src/modules/architecture/config.ts(58,40): error TS6133: 'data' is declared but its value is never read.
src/modules/architecture/config.ts(58,51): error TS6133: 'options' is declared but its value is never read.
src/modules/architecture/config.ts(90,41): error TS6133: 'data' is declared but its value is never read.
src/modules/architecture/config.ts(90,52): error TS6133: 'options' is declared but its value is never read.
src/modules/architecture/data.ts(18,56): error TS6133: 'options' is declared but its value is never read.
src/modules/architecture/data.ts(33,53): error TS6133: 'options' is declared but its value is never read.
src/modules/architecture/data.ts(50,54): error TS6133: 'options' is declared but its value is never read.
src/modules/architecture/index.ts(61,50): error TS7006: Parameter 'layer' implicitly has an 'any' type.
src/modules/architecture/index.ts(67,15): error TS7006: Parameter 'conn' implicitly has an 'any' type.
src/modules/architecture/slides.ts(2,23): error TS6133: 'SlideTemplateParams' is declared but its value is never read.
src/modules/comparative-analysis/data.ts(20,58): error TS6133: 'options' is declared but its value is never read.
src/modules/comparative-analysis/data.ts(31,56): error TS6133: 'options' is declared but its value is never read.
src/modules/comparative-analysis/data.ts(42,58): error TS6133: 'options' is declared but its value is never read.
src/modules/comparative-analysis/data.ts(53,55): error TS6133: 'options' is declared but its value is never read.
src/modules/construction/config.ts(129,46): error TS6133: 'data' is declared but its value is never read.
src/modules/construction/data.ts(2,1): error TS6133: 'GraphData' is declared but its value is never read.
src/modules/construction/data.ts(22,53): error TS6133: 'options' is declared but its value is never read.
src/modules/construction/data.ts(81,53): error TS6133: 'options' is declared but its value is never read.
src/modules/construction/data.ts(103,59): error TS6133: 'options' is declared but its value is never read.
src/modules/construction/slides.ts(97,50): error TS6133: 'options' is declared but its value is never read.
src/modules/construction/slides.ts(121,47): error TS6133: 'options' is declared but its value is never read.
src/modules/core-components/config.ts(22,38): error TS6133: 'data' is declared but its value is never read.
src/modules/core-components/config.ts(62,33): error TS6133: 'data' is declared but its value is never read.
src/modules/core-components/config.ts(92,38): error TS6133: 'data' is declared but its value is never read.
src/modules/core-components/data.ts(19,52): error TS6133: 'options' is declared but its value is never read.
src/modules/core-components/data.ts(51,52): error TS6133: 'options' is declared but its value is never read.
src/modules/core-components/data.ts(70,54): error TS6133: 'options' is declared but its value is never read.
src/modules/data-models/config.ts(23,33): error TS6133: 'data' is declared but its value is never read.
src/modules/data-models/config.ts(60,37): error TS6133: 'data' is declared but its value is never read.
src/modules/data-models/config.ts(114,33): error TS6133: 'data' is declared but its value is never read.
src/modules/data-models/data.ts(20,50): error TS6133: 'options' is declared but its value is never read.
src/modules/data-models/data.ts(36,55): error TS6133: 'options' is declared but its value is never read.
src/modules/data-models/data.ts(52,57): error TS6133: 'options' is declared but its value is never read.
src/modules/data-models/data.ts(66,55): error TS6133: 'options' is declared but its value is never read.
src/modules/data-models/index.ts(111,83): error TS6133: 'index' is declared but its value is never read.
src/modules/future-directions/config.ts(26,32): error TS6133: 'data' is declared but its value is never read.
src/modules/future-directions/config.ts(62,39): error TS6133: 'data' is declared but its value is never read.
src/modules/future-directions/config.ts(99,39): error TS6133: 'data' is declared but its value is never read.
src/modules/future-directions/config.ts(135,38): error TS6133: 'data' is declared but its value is never read.
src/modules/future-directions/config.ts(172,36): error TS6133: 'data' is declared but its value is never read.
src/modules/future-directions/data.ts(28,48): error TS6133: 'options' is declared but its value is never read.
src/modules/future-directions/data.ts(49,50): error TS6133: 'options' is declared but its value is never read.
src/modules/future-directions/data.ts(69,54): error TS6133: 'options' is declared but its value is never read.
src/modules/future-directions/data.ts(102,53): error TS6133: 'options' is declared but its value is never read.
src/modules/future-directions/data.ts(122,55): error TS6133: 'options' is declared but its value is never read.
src/modules/future-directions/slides.ts(149,61): error TS6133: 'options' is declared but its value is never read.
src/modules/implementation-roadmap/config.ts(58,32): error TS6133: 'data' is declared but its value is never read.
src/modules/implementation-roadmap/config.ts(84,37): error TS6133: 'data' is declared but its value is never read.
src/modules/implementation-roadmap/config.ts(115,34): error TS6133: 'data' is declared but its value is never read.
src/modules/implementation-roadmap/data.ts(21,48): error TS6133: 'options' is declared but its value is never read.
src/modules/implementation-roadmap/data.ts(42,50): error TS6133: 'options' is declared but its value is never read.
src/modules/implementation-roadmap/data.ts(62,47): error TS6133: 'options' is declared but its value is never read.
src/modules/implementation-roadmap/data.ts(82,55): error TS6133: 'options' is declared but its value is never read.
src/modules/implementation-roadmap/data.ts(103,56): error TS6133: 'options' is declared but its value is never read.
src/modules/implementation-roadmap/slides.ts(134,59): error TS6133: 'options' is declared but its value is never read.
src/modules/implementation-roadmap/slides.ts(154,52): error TS6133: 'options' is declared but its value is never read.
src/modules/industry-applications/config.ts(28,38): error TS6133: 'data' is declared but its value is never read.
src/modules/industry-applications/config.ts(120,39): error TS6133: 'data' is declared but its value is never read.
src/modules/industry-applications/config.ts(165,17): error TS6133: 'd' is declared but its value is never read.
src/modules/industry-applications/config.ts(176,37): error TS6133: 'data' is declared but its value is never read.
src/modules/industry-applications/config.ts(239,37): error TS6133: 'data' is declared but its value is never read.
src/modules/industry-applications/data.ts(25,56): error TS6133: 'options' is declared but its value is never read.
src/modules/industry-applications/data.ts(137,51): error TS6133: 'options' is declared but its value is never read.
src/modules/industry-applications/slides.ts(31,53): error TS6133: 'options' is declared but its value is never read.
src/modules/intro/config.ts(19,36): error TS6133: 'data' is declared but its value is never read.
src/modules/intro/config.ts(51,41): error TS6133: 'data' is declared but its value is never read.
src/modules/intro/data.ts(19,54): error TS6133: 'options' is declared but its value is never read.
src/modules/new-module/config.ts(5,40): error TS6133: 'visualizationType' is declared but its value is never read.
src/modules/new-module/config.ts(5,67): error TS6133: 'data' is declared but its value is never read.
src/modules/new-module/config.ts(5,78): error TS6133: 'options' is declared but its value is never read.
src/modules/new-module/data.ts(5,34): error TS6133: 'rawContent' is declared but its value is never read.
src/modules/new-module/data.ts(5,51): error TS6133: 'options' is declared but its value is never read.
src/modules/new-module/index.ts(13,23): error TS6133: 'options' is declared but its value is never read.
src/modules/query-mechanisms/config.ts(52,38): error TS6133: 'data' is declared but its value is never read.
src/modules/query-mechanisms/config.ts(87,35): error TS6133: 'data' is declared but its value is never read.
src/modules/query-mechanisms/config.ts(121,40): error TS6133: 'data' is declared but its value is never read.
src/modules/query-mechanisms/data.ts(20,62): error TS6133: 'options' is declared but its value is never read.
src/modules/query-mechanisms/data.ts(37,51): error TS6133: 'options' is declared but its value is never read.
src/modules/query-mechanisms/data.ts(51,51): error TS6133: 'options' is declared but its value is never read.
src/modules/query-mechanisms/data.ts(66,54): error TS6133: 'options' is declared but its value is never read.
src/modules/resources/config.ts(26,36): error TS6133: 'data' is declared but its value is never read.
src/modules/resources/config.ts(61,40): error TS6133: 'data' is declared but its value is never read.
src/modules/resources/config.ts(96,38): error TS6133: 'data' is declared but its value is never read.
src/modules/resources/config.ts(131,36): error TS6133: 'data' is declared but its value is never read.
src/modules/resources/config.ts(165,32): error TS6133: 'data' is declared but its value is never read.
src/modules/resources/data.ts(21,52): error TS6133: 'options' is declared but its value is never read.
src/modules/resources/data.ts(41,47): error TS6133: 'options' is declared but its value is never read.
src/modules/resources/data.ts(75,59): error TS6133: 'options' is declared but its value is never read.
src/modules/resources/data.ts(105,53): error TS6133: 'options' is declared but its value is never read.
src/modules/resources/data.ts(129,58): error TS6133: 'options' is declared but its value is never read.
src/modules/resources/slides.ts(187,46): error TS6133: 'options' is declared but its value is never read.
src/modules/root-cause-analysis/config.ts(26,35): error TS6133: 'data' is declared but its value is never read.
src/modules/root-cause-analysis/config.ts(96,50): error TS6133: 'options' is declared but its value is never read.
src/modules/root-cause-analysis/config.ts(148,39): error TS6133: 'data' is declared but its value is never read.
src/modules/root-cause-analysis/config.ts(173,35): error TS6133: 'data' is declared but its value is never read.
src/modules/root-cause-analysis/data.ts(24,53): error TS6133: 'options' is declared but its value is never read.
src/modules/root-cause-analysis/data.ts(69,56): error TS6133: 'options' is declared but its value is never read.
src/modules/root-cause-analysis/data.ts(90,51): error TS6133: 'options' is declared but its value is never read.
src/modules/root-cause-analysis/data.ts(106,58): error TS6133: 'options' is declared but its value is never read.
src/modules/root-cause-analysis/slides.ts(31,45): error TS6133: 'options' is declared but its value is never read.
src/modules/root-cause-analysis/slides.ts(100,46): error TS6133: 'options' is declared but its value is never read.
src/parser/markdown-translator.ts(12,11): error TS6133: 'parser' is declared but its value is never read.
src/parser/markdown-translator.ts(121,11): error TS6133: 'extractTitle' is declared but its value is never read.
src/services/index.ts(9,1): error TS6133: 'ExportService' is declared but its value is never read.
src/services/index.ts(10,1): error TS6133: 'InteractionService' is declared but its value is never read.
src/services/index.ts(11,1): error TS6133: 'ThemeService' is declared but its value is never read.
src/services/interaction-service.ts(226,21): error TS6133: 'element' is declared but its value is never read.
src/services/interaction-service.ts(235,21): error TS6133: 'element' is declared but its value is never read.
src/services/presentation-manager.ts(75,11): error TS6133: 'parser' is declared but its value is never read.
src/services/presentation-manager.ts(265,55): error TS6133: 'baseId' is declared but its value is never read.
src/services/presentation-manager.ts(747,11): error TS6133: 'prepareForExport' is declared but its value is never read.
src/services/presentation-manager.ts(774,11): error TS6133: 'cleanupAfterExport' is declared but its value is never read.
src/services/presentation-manager.ts(801,26): error TS6133: 'index' is declared but its value is never read.
src/services/slide-manager.ts(761,29): error TS6133: 'event' is declared but its value is never read.
src/utils/animation.ts(193,9): error TS6133: 'currentStepIndex' is declared but its value is never read.
src/utils/animation.ts(294,11): error TS6133: 'computedStyle' is declared but its value is never read.
src/utils/animation.ts(394,11): error TS6133: 'originalStyles' is declared but its value is never read.
src/utils/ascii-to-svg.ts(21,11): error TS6133: 'boxColor' is declared but its value is never read.
src/utils/code-highlighter.ts(192,9): error TS6133: 'currentLine' is declared but its value is never read.
src/utils/interactions.ts(481,13): error TS6133: 'initialDistance' is declared but its value is never read.
src/utils/interactions.ts(714,32): error TS6133: 'event' is declared but its value is never read.
src/utils/interactions.ts(1059,9): error TS6133: 'fadeOutDuration' is declared but its value is never read.
src/utils/interactions.ts(1133,9): error TS6133: 'container' is declared but its value is never read.
src/utils/markdown-parser.ts(476,8): error TS6133: 'match' is declared but its value is never read.
src/utils/markdown-parser.ts(488,8): error TS6133: 'match' is declared but its value is never read.
src/utils/responsive.ts(373,11): error TS6133: 'items' is declared but its value is never read.
src/visualizations/causal-graph.ts(118,11): error TS6133: 'markerElements' is declared but its value is never read.
src/visualizations/causal-graph.ts(292,23): error TS6133: 'event' is declared but its value is never read.
src/visualizations/causal-graph.ts(346,19): error TS6133: 'd' is declared but its value is never read.
src/visualizations/causal-graph.ts(351,19): error TS6133: 'd' is declared but its value is never read.
src/visualizations/causal-graph.ts(355,28): error TS6133: 'd' is declared but its value is never read.
src/visualizations/causal-graph.ts(365,23): error TS6133: 'event' is declared but its value is never read.
src/visualizations/causal-graph.ts(578,25): error TS6133: 'nodeIds' is declared but its value is never read.
src/visualizations/causal-graph.ts(700,11): error TS6133: 'updateNodeVisibility' is declared but its value is never read.
src/visualizations/code-block.ts(6,1): error TS6133: 'd3' is declared but its value is never read.
src/visualizations/code-block.ts(141,11): error TS6133: 'width' is declared but its value is never read.
src/visualizations/code-block.ts(142,11): error TS6133: 'height' is declared but its value is never read.
src/visualizations/comparison-chart.ts(255,11): error TS6133: 'backgroundCircles' is declared but its value is never read.
src/visualizations/comparison-chart.ts(266,11): error TS6133: 'axes' is declared but its value is never read.
src/visualizations/comparison-chart.ts(273,20): error TS6133: 'd' is declared but its value is never read.
src/visualizations/comparison-chart.ts(274,20): error TS6133: 'd' is declared but its value is never read.
src/visualizations/comparison-chart.ts(280,13): error TS6133: 'axisLabels' is declared but its value is never read.
src/visualizations/comparison-chart.ts(285,21): error TS6133: 'd' is declared but its value is never read.
src/visualizations/comparison-chart.ts(286,21): error TS6133: 'd' is declared but its value is never read.
src/visualizations/comparison-chart.ts(287,31): error TS6133: 'd' is declared but its value is never read.
src/visualizations/comparison-chart.ts(295,37): error TS6133: 'd' is declared but its value is never read.
src/visualizations/comparison-chart.ts(306,15): error TS6133: 'd' is declared but its value is never read.
src/visualizations/comparison-chart.ts(311,11): error TS6133: 'radarAreas' is declared but its value is never read.
src/visualizations/comparison-chart.ts(342,21): error TS6133: 'event' is declared but its value is never read.
src/visualizations/comparison-chart.ts(350,28): error TS6133: 'itemIndex' is declared but its value is never read.
src/visualizations/comparison-chart.ts(447,21): error TS6133: 'd' is declared but its value is never read.
src/visualizations/comparison-chart.ts(470,23): error TS6133: 'event' is declared but its value is never read.
src/visualizations/comparison-chart.ts(495,23): error TS6133: 'd' is declared but its value is never read.
src/visualizations/comparison-chart.ts(574,22): error TS6133: 'd' is declared but its value is never read.
src/visualizations/comparison-chart.ts(601,21): error TS6133: 'event' is declared but its value is never read.
src/visualizations/comparison-chart.ts(706,20): error TS6133: 'd' is declared but its value is never read.
src/visualizations/comparison-chart.ts(725,23): error TS6133: 'event' is declared but its value is never read.
src/visualizations/comparison-chart.ts(746,22): error TS6133: 'd' is declared but its value is never read.
src/visualizations/comparison-chart.ts(769,27): error TS6133: 'd' is declared but its value is never read.
src/visualizations/comparison-chart.ts(771,21): error TS6133: 'event' is declared but its value is never read.
src/visualizations/comparison-chart.ts(792,33): error TS6133: 'event' is declared but its value is never read.
src/visualizations/comparison-chart.ts(792,40): error TS6133: 'd' is declared but its value is never read.
src/visualizations/flow-diagram.ts(894,29): error TS6133: 'd' is declared but its value is never read.
src/visualizations/flow-diagram.ts(1019,24): error TS6133: 'd' is declared but its value is never read.
src/visualizations/flow-diagram.ts(1028,28): error TS6133: 'd' is declared but its value is never read.
src/visualizations/flow-diagram.ts(1077,45): error TS6133: 'index' is declared but its value is never read.
src/visualizations/flow-diagram.ts(1096,47): error TS6133: 'index' is declared but its value is never read.
src/visualizations/graph.ts(6,21): error TS6133: 'GraphEdge' is declared but its value is never read.
src/visualizations/graph.ts(7,1): error TS6133: 'GraphNode' is declared but its value is never read.
src/visualizations/graph.ts(450,27): error TS6133: 'd' is declared but its value is never read.
src/visualizations/graph.ts(451,22): error TS6133: 'd' is declared but its value is never read.
src/visualizations/graph.ts(483,19): error TS6133: 'key' is declared but its value is never read.
src/visualizations/graph.ts(509,19): error TS6133: 'key' is declared but its value is never read.
src/visualizations/network-diagram.ts(239,11): error TS6133: 'highlightedLink' is declared but its value is never read.
src/visualizations/network-diagram.ts(797,36): error TS6133: 'i' is declared but its value is never read.
src/visualizations/network-diagram.ts(914,36): error TS6133: 'i' is declared but its value is never read.
src/visualizations/network-diagram.ts(962,9): error TS6133: 'modularity' is declared but its value is never read.
src/visualizations/network-diagram.ts(979,62): error TS6133: 'weight' is declared but its value is never read.
src/visualizations/network-diagram.ts(1022,36): error TS6133: 'i' is declared but its value is never read.
src/visualizations/network-diagram.ts(1136,39): error TS6133: 'i' is declared but its value is never read.
src/visualizations/network-diagram.ts(1136,50): error TS6133: 'links' is declared but its value is never read.
src/visualizations/network-diagram.ts(1140,88): error TS6133: 'i' is declared but its value is never read.
src/visualizations/network-diagram.ts(1140,99): error TS6133: 'nodes' is declared but its value is never read.
src/visualizations/network-diagram.ts(1185,28): error TS6133: 'group' is declared but its value is never read.
src/visualizations/network-diagram.ts(1215,15): error TS6133: 'group' is declared but its value is never read.
src/visualizations/network-diagram.ts(1539,38): error TS6133: 'event' is declared but its value is never read.
src/visualizations/network-diagram.ts(1629,38): error TS6133: 'event' is declared but its value is never read.
src/visualizations/network-diagram.ts(1636,41): error TS6133: 'event' is declared but its value is never read.
src/visualizations/process-flow.ts(353,11): error TS6133: 'rankDir' is declared but its value is never read.
src/visualizations/process-flow.ts(378,11): error TS6133: 'nodeHeight' is declared but its value is never read.
src/visualizations/process-flow.ts(381,11): error TS6133: 'direction' is declared but its value is never read.
src/visualizations/process-flow.ts(557,23): error TS6133: 'event' is declared but its value is never read.
src/visualizations/process-flow.ts(800,35): error TS6133: 'd' is declared but its value is never read.
src/visualizations/process-flow.ts(822,33): error TS6133: 'd' is declared but its value is never read.
src/visualizations/process-flow.ts(861,13): error TS6133: 'dy' is declared but its value is never read.
src/visualizations/radar-chart.ts(161,15): error TS6133: 'd' is declared but its value is never read.
src/visualizations/radar-chart.ts(388,19): error TS6133: 'axis' is declared but its value is never read.
src/visualizations/radar-chart.ts(712,27): error TS6133: 'd' is declared but its value is never read.
src/visualizations/radar-chart.ts(730,25): error TS6133: 'event' is declared but its value is never read.
src/visualizations/radar-chart.ts(772,21): error TS6133: 'event' is declared but its value is never read.
src/visualizations/tree-diagram.ts(658,23): error TS6133: 'event' is declared but its value is never read.
src/visualizations/tree-diagram.ts(687,27): error TS6133: 'nodesGroup' is declared but its value is never read.
src/visualizations/tree-diagram.ts(728,25): error TS6133: 'event' is declared but its value is never read.
src/visualizations/tree-diagram.ts(966,23): error TS6133: 'event' is declared but its value is never read.
src/visualizations/tree-diagram.ts(1056,25): error TS6133: 'event' is declared but its value is never read.
src/visualizations/tree-diagram.ts(1339,23): error TS6133: 'event' is declared but its value is never read.
src/visualizations/tree-diagram.ts(1339,35): error TS6133: 'd' is declared but its value is never read.
src/visualizations/tree-diagram.ts(1375,21): error TS6133: 'event' is declared but its value is never read.
src/visualizations/tree-diagram.ts(1375,33): error TS6133: 'd' is declared but its value is never read.
